{"/workspaces/se-customer-portal/src/components/dashboard/MetricCard.tsx": {"path":"/workspaces/se-customer-portal/src/components/dashboard/MetricCard.tsx","statementMap":{"0":{"start":{"line":22,"column":23},"end":{"line":27,"column":null}},"1":{"start":{"line":29,"column":23},"end":{"line":34,"column":null}},"2":{"start":{"line":36,"column":2},"end":{"line":81,"column":null}}},"fnMap":{"0":{"name":"MetricCard","decl":{"start":{"line":14,"column":16},"end":{"line":14,"column":27}},"loc":{"start":{"line":21,"column":18},"end":{"line":86,"column":null}},"line":21}},"branchMap":{"0":{"loc":{"start":{"line":20,"column":2},"end":{"line":20,"column":17}},"type":"default-arg","locations":[{"start":{"line":20,"column":11},"end":{"line":20,"column":17}}],"line":20},"1":{"loc":{"start":{"line":47,"column":11},"end":{"line":69,"column":null}},"type":"binary-expr","locations":[{"start":{"line":47,"column":11},"end":{"line":47,"column":null}},{"start":{"line":47,"column":22},"end":{"line":69,"column":null}}],"line":47},"2":{"loc":{"start":{"line":49,"column":15},"end":{"line":54,"column":null}},"type":"cond-expr","locations":[{"start":{"line":49,"column":24},"end":{"line":51,"column":27}},{"start":{"line":51,"column":18},"end":{"line":54,"column":null}}],"line":49},"3":{"loc":{"start":{"line":51,"column":18},"end":{"line":54,"column":null}},"type":"cond-expr","locations":[{"start":{"line":51,"column":27},"end":{"line":54,"column":17}},{"start":{"line":54,"column":16},"end":{"line":54,"column":null}}],"line":51},"4":{"loc":{"start":{"line":59,"column":18},"end":{"line":59,"column":null}},"type":"binary-expr","locations":[{"start":{"line":59,"column":18},"end":{"line":59,"column":32}},{"start":{"line":59,"column":32},"end":{"line":59,"column":null}}],"line":59},"5":{"loc":{"start":{"line":60,"column":18},"end":{"line":60,"column":null}},"type":"binary-expr","locations":[{"start":{"line":60,"column":18},"end":{"line":60,"column":32}},{"start":{"line":60,"column":32},"end":{"line":60,"column":null}}],"line":60},"6":{"loc":{"start":{"line":61,"column":18},"end":{"line":61,"column":null}},"type":"binary-expr","locations":[{"start":{"line":61,"column":18},"end":{"line":61,"column":34}},{"start":{"line":61,"column":34},"end":{"line":61,"column":null}}],"line":61},"7":{"loc":{"start":{"line":64,"column":17},"end":{"line":64,"column":null}},"type":"cond-expr","locations":[{"start":{"line":64,"column":30},"end":{"line":64,"column":36}},{"start":{"line":64,"column":36},"end":{"line":64,"column":null}}],"line":64},"8":{"loc":{"start":{"line":67,"column":15},"end":{"line":69,"column":null}},"type":"binary-expr","locations":[{"start":{"line":67,"column":15},"end":{"line":67,"column":null}},{"start":{"line":67,"column":15},"end":{"line":69,"column":null}}],"line":67}},"s":{"0":7,"1":7,"2":7},"f":{"0":7},"b":{"0":[7],"1":[7,1],"2":[1,0],"3":[0,0],"4":[1,1],"5":[1,0],"6":[1,0],"7":[1,0],"8":[1,1]},"meta":{"lastBranch":9,"lastFunction":1,"lastStatement":3,"seen":{"f:14:16:14:27":0,"b:20:11:20:17":0,"s:22:23:27:Infinity":0,"s:29:23:34:Infinity":1,"s:36:2:81:Infinity":2,"b:47:11:47:Infinity:47:22:69:Infinity":1,"b:49:24:51:27:51:18:54:Infinity":2,"b:51:27:54:17:54:16:54:Infinity":3,"b:59:18:59:32:59:32:59:Infinity":4,"b:60:18:60:32:60:32:60:Infinity":5,"b:61:18:61:34:61:34:61:Infinity":6,"b:64:30:64:36:64:36:64:Infinity":7,"b:67:15:67:Infinity:67:15:69:Infinity":8}}}
,"/workspaces/se-customer-portal/src/components/dashboard/ResourceCard.tsx": {"path":"/workspaces/se-customer-portal/src/components/dashboard/ResourceCard.tsx","statementMap":{"0":{"start":{"line":20,"column":22},"end":{"line":26,"column":null}},"1":{"start":{"line":28,"column":23},"end":{"line":34,"column":null}},"2":{"start":{"line":46,"column":15},"end":{"line":46,"column":34}},"3":{"start":{"line":48,"column":2},"end":{"line":114,"column":null}}},"fnMap":{"0":{"name":"ResourceCard","decl":{"start":{"line":36,"column":16},"end":{"line":36,"column":29}},"loc":{"start":{"line":45,"column":20},"end":{"line":119,"column":null}},"line":45}},"branchMap":{"0":{"loc":{"start":{"line":70,"column":11},"end":{"line":77,"column":null}},"type":"cond-expr","locations":[{"start":{"line":70,"column":41},"end":{"line":77,"column":13}},{"start":{"line":77,"column":12},"end":{"line":77,"column":null}}],"line":70},"1":{"loc":{"start":{"line":70,"column":11},"end":{"line":70,"column":null}},"type":"binary-expr","locations":[{"start":{"line":70,"column":11},"end":{"line":70,"column":30}},{"start":{"line":70,"column":30},"end":{"line":70,"column":null}}],"line":70},"2":{"loc":{"start":{"line":72,"column":14},"end":{"line":72,"column":null}},"type":"cond-expr","locations":[{"start":{"line":72,"column":31},"end":{"line":72,"column":48}},{"start":{"line":72,"column":48},"end":{"line":72,"column":null}}],"line":72},"3":{"loc":{"start":{"line":72,"column":48},"end":{"line":72,"column":null}},"type":"cond-expr","locations":[{"start":{"line":72,"column":63},"end":{"line":72,"column":80}},{"start":{"line":72,"column":80},"end":{"line":72,"column":null}}],"line":72},"4":{"loc":{"start":{"line":81,"column":9},"end":{"line":91,"column":null}},"type":"binary-expr","locations":[{"start":{"line":81,"column":9},"end":{"line":81,"column":null}},{"start":{"line":81,"column":17},"end":{"line":91,"column":null}}],"line":81},"5":{"loc":{"start":{"line":91,"column":16},"end":{"line":91,"column":null}},"type":"cond-expr","locations":[{"start":{"line":91,"column":27},"end":{"line":91,"column":54}},{"start":{"line":91,"column":54},"end":{"line":91,"column":null}}],"line":91},"6":{"loc":{"start":{"line":91,"column":54},"end":{"line":91,"column":null}},"type":"cond-expr","locations":[{"start":{"line":91,"column":65},"end":{"line":91,"column":88}},{"start":{"line":91,"column":88},"end":{"line":91,"column":null}}],"line":91},"7":{"loc":{"start":{"line":97,"column":9},"end":{"line":107,"column":null}},"type":"binary-expr","locations":[{"start":{"line":97,"column":9},"end":{"line":97,"column":null}},{"start":{"line":97,"column":20},"end":{"line":107,"column":null}}],"line":97},"8":{"loc":{"start":{"line":107,"column":16},"end":{"line":107,"column":null}},"type":"cond-expr","locations":[{"start":{"line":107,"column":30},"end":{"line":107,"column":57}},{"start":{"line":107,"column":57},"end":{"line":107,"column":null}}],"line":107},"9":{"loc":{"start":{"line":107,"column":57},"end":{"line":107,"column":null}},"type":"cond-expr","locations":[{"start":{"line":107,"column":71},"end":{"line":107,"column":94}},{"start":{"line":107,"column":94},"end":{"line":107,"column":null}}],"line":107}},"s":{"0":1,"1":1,"2":9,"3":9},"f":{"0":9},"b":{"0":[8,1],"1":[9,8],"2":[8,0],"3":[0,0],"4":[9,8],"5":[0,8],"6":[0,8],"7":[9,8],"8":[0,8],"9":[0,8]},"meta":{"lastBranch":10,"lastFunction":1,"lastStatement":4,"seen":{"s:20:22:26:Infinity":0,"s:28:23:34:Infinity":1,"f:36:16:36:29":0,"s:46:15:46:34":2,"s:48:2:114:Infinity":3,"b:70:41:77:13:77:12:77:Infinity":0,"b:70:11:70:30:70:30:70:Infinity":1,"b:72:31:72:48:72:48:72:Infinity":2,"b:72:63:72:80:72:80:72:Infinity":3,"b:81:9:81:Infinity:81:17:91:Infinity":4,"b:91:27:91:54:91:54:91:Infinity":5,"b:91:65:91:88:91:88:91:Infinity":6,"b:97:9:97:Infinity:97:20:107:Infinity":7,"b:107:30:107:57:107:57:107:Infinity":8,"b:107:71:107:94:107:94:107:Infinity":9}}}
,"/workspaces/se-customer-portal/src/components/dashboard/StatusBadge.tsx": {"path":"/workspaces/se-customer-portal/src/components/dashboard/StatusBadge.tsx","statementMap":{"0":{"start":{"line":11,"column":21},"end":{"line":37,"column":null}},"1":{"start":{"line":44,"column":17},"end":{"line":44,"column":37}},"2":{"start":{"line":46,"column":2},"end":{"line":62,"column":null}}},"fnMap":{"0":{"name":"StatusBadge","decl":{"start":{"line":39,"column":16},"end":{"line":39,"column":28}},"loc":{"start":{"line":43,"column":19},"end":{"line":65,"column":null}},"line":43}},"branchMap":{"0":{"loc":{"start":{"line":41,"column":2},"end":{"line":41,"column":19}},"type":"default-arg","locations":[{"start":{"line":41,"column":14},"end":{"line":41,"column":19}}],"line":41},"1":{"loc":{"start":{"line":42,"column":2},"end":{"line":42,"column":13}},"type":"default-arg","locations":[{"start":{"line":42,"column":9},"end":{"line":42,"column":13}}],"line":42},"2":{"loc":{"start":{"line":51,"column":8},"end":{"line":51,"column":null}},"type":"cond-expr","locations":[{"start":{"line":51,"column":24},"end":{"line":51,"column":48}},{"start":{"line":51,"column":48},"end":{"line":51,"column":null}}],"line":51},"3":{"loc":{"start":{"line":58,"column":10},"end":{"line":58,"column":null}},"type":"binary-expr","locations":[{"start":{"line":58,"column":10},"end":{"line":58,"column":23}},{"start":{"line":58,"column":23},"end":{"line":58,"column":null}}],"line":58},"4":{"loc":{"start":{"line":59,"column":10},"end":{"line":59,"column":null}},"type":"cond-expr","locations":[{"start":{"line":59,"column":26},"end":{"line":59,"column":42}},{"start":{"line":59,"column":42},"end":{"line":59,"column":null}}],"line":59}},"s":{"0":1,"1":9,"2":9},"f":{"0":9},"b":{"0":[9],"1":[9],"2":[0,9],"3":[9,0],"4":[0,9]},"meta":{"lastBranch":5,"lastFunction":1,"lastStatement":3,"seen":{"s:11:21:37:Infinity":0,"f:39:16:39:28":0,"b:41:14:41:19":0,"b:42:9:42:13":1,"s:44:17:44:37":1,"s:46:2:62:Infinity":2,"b:51:24:51:48:51:48:51:Infinity":2,"b:58:10:58:23:58:23:58:Infinity":3,"b:59:26:59:42:59:42:59:Infinity":4}}}
,"/workspaces/se-customer-portal/src/hooks/useAuth.tsx": {"path":"/workspaces/se-customer-portal/src/hooks/useAuth.tsx","statementMap":{"0":{"start":{"line":19,"column":6},"end":{"line":19,"column":null}},"1":{"start":{"line":22,"column":23},"end":{"line":22,"column":null}},"2":{"start":{"line":23,"column":29},"end":{"line":23,"column":null}},"3":{"start":{"line":24,"column":25},"end":{"line":24,"column":null}},"4":{"start":{"line":25,"column":29},"end":{"line":25,"column":null}},"5":{"start":{"line":27,"column":25},"end":{"line":39,"column":null}},"6":{"start":{"line":28,"column":28},"end":{"line":31,"column":null}},"7":{"start":{"line":33,"column":4},"end":{"line":36,"column":null}},"8":{"start":{"line":34,"column":6},"end":{"line":34,"column":null}},"9":{"start":{"line":35,"column":6},"end":{"line":35,"column":null}},"10":{"start":{"line":38,"column":4},"end":{"line":38,"column":null}},"11":{"start":{"line":38,"column":25},"end":{"line":38,"column":31}},"12":{"start":{"line":41,"column":2},"end":{"line":74,"column":null}},"13":{"start":{"line":43,"column":39},"end":{"line":58,"column":null}},"14":{"start":{"line":45,"column":8},"end":{"line":45,"column":null}},"15":{"start":{"line":46,"column":8},"end":{"line":46,"column":null}},"16":{"start":{"line":49,"column":8},"end":{"line":55,"column":null}},"17":{"start":{"line":50,"column":10},"end":{"line":52,"column":null}},"18":{"start":{"line":51,"column":12},"end":{"line":51,"column":null}},"19":{"start":{"line":54,"column":10},"end":{"line":54,"column":null}},"20":{"start":{"line":57,"column":8},"end":{"line":57,"column":null}},"21":{"start":{"line":62,"column":4},"end":{"line":71,"column":null}},"22":{"start":{"line":63,"column":6},"end":{"line":63,"column":null}},"23":{"start":{"line":64,"column":6},"end":{"line":64,"column":null}},"24":{"start":{"line":66,"column":6},"end":{"line":68,"column":null}},"25":{"start":{"line":67,"column":8},"end":{"line":67,"column":null}},"26":{"start":{"line":70,"column":6},"end":{"line":70,"column":null}},"27":{"start":{"line":73,"column":4},"end":{"line":73,"column":null}},"28":{"start":{"line":73,"column":17},"end":{"line":73,"column":null}},"29":{"start":{"line":76,"column":18},"end":{"line":81,"column":null}},"30":{"start":{"line":77,"column":4},"end":{"line":77,"column":null}},"31":{"start":{"line":78,"column":4},"end":{"line":78,"column":null}},"32":{"start":{"line":79,"column":4},"end":{"line":79,"column":null}},"33":{"start":{"line":80,"column":4},"end":{"line":80,"column":null}},"34":{"start":{"line":83,"column":18},"end":{"line":83,"column":null}},"35":{"start":{"line":83,"column":37},"end":{"line":83,"column":null}},"36":{"start":{"line":85,"column":33},"end":{"line":95,"column":null}},"37":{"start":{"line":97,"column":2},"end":{"line":97,"column":null}},"38":{"start":{"line":101,"column":8},"end":{"line":101,"column":null}},"39":{"start":{"line":102,"column":2},"end":{"line":104,"column":null}},"40":{"start":{"line":103,"column":4},"end":{"line":103,"column":null}},"41":{"start":{"line":105,"column":2},"end":{"line":105,"column":null}}},"fnMap":{"0":{"name":"AuthProvider","decl":{"start":{"line":21,"column":16},"end":{"line":21,"column":29}},"loc":{"start":{"line":21,"column":66},"end":{"line":98,"column":null}},"line":21},"1":{"name":"(anonymous_1)","decl":{"start":{"line":27,"column":25},"end":{"line":27,"column":32}},"loc":{"start":{"line":27,"column":32},"end":{"line":39,"column":null}},"line":27},"2":{"name":"(anonymous_2)","decl":{"start":{"line":38,"column":20},"end":{"line":38,"column":25}},"loc":{"start":{"line":38,"column":25},"end":{"line":38,"column":31}},"line":38},"3":{"name":"(anonymous_3)","decl":{"start":{"line":41,"column":12},"end":{"line":41,"column":null}},"loc":{"start":{"line":41,"column":12},"end":{"line":74,"column":5}},"line":41},"4":{"name":"(anonymous_4)","decl":{"start":{"line":44,"column":6},"end":{"line":44,"column":7}},"loc":{"start":{"line":44,"column":14},"end":{"line":58,"column":null}},"line":44},"5":{"name":"(anonymous_5)","decl":{"start":{"line":50,"column":21},"end":{"line":50,"column":null}},"loc":{"start":{"line":50,"column":21},"end":{"line":52,"column":13}},"line":50},"6":{"name":"(anonymous_6)","decl":{"start":{"line":62,"column":36},"end":{"line":62,"column":37}},"loc":{"start":{"line":62,"column":58},"end":{"line":71,"column":null}},"line":62},"7":{"name":"(anonymous_7)","decl":{"start":{"line":73,"column":11},"end":{"line":73,"column":17}},"loc":{"start":{"line":73,"column":17},"end":{"line":73,"column":null}},"line":73},"8":{"name":"(anonymous_8)","decl":{"start":{"line":76,"column":18},"end":{"line":76,"column":null}},"loc":{"start":{"line":76,"column":18},"end":{"line":81,"column":null}},"line":76},"9":{"name":"(anonymous_9)","decl":{"start":{"line":83,"column":18},"end":{"line":83,"column":19}},"loc":{"start":{"line":83,"column":37},"end":{"line":83,"column":null}},"line":83},"10":{"name":"useAuth","decl":{"start":{"line":100,"column":16},"end":{"line":100,"column":null}},"loc":{"start":{"line":100,"column":16},"end":{"line":106,"column":null}},"line":100}},"branchMap":{"0":{"loc":{"start":{"line":33,"column":4},"end":{"line":36,"column":null}},"type":"if","locations":[{"start":{"line":33,"column":4},"end":{"line":36,"column":null}},{"start":{},"end":{}}],"line":33},"1":{"loc":{"start":{"line":46,"column":16},"end":{"line":46,"column":null}},"type":"binary-expr","locations":[{"start":{"line":46,"column":16},"end":{"line":46,"column":33}},{"start":{"line":46,"column":33},"end":{"line":46,"column":null}}],"line":46},"2":{"loc":{"start":{"line":49,"column":8},"end":{"line":55,"column":null}},"type":"if","locations":[{"start":{"line":49,"column":8},"end":{"line":55,"column":null}},{"start":{"line":53,"column":15},"end":{"line":55,"column":null}}],"line":49},"3":{"loc":{"start":{"line":64,"column":14},"end":{"line":64,"column":null}},"type":"binary-expr","locations":[{"start":{"line":64,"column":14},"end":{"line":64,"column":31}},{"start":{"line":64,"column":31},"end":{"line":64,"column":null}}],"line":64},"4":{"loc":{"start":{"line":66,"column":6},"end":{"line":68,"column":null}},"type":"if","locations":[{"start":{"line":66,"column":6},"end":{"line":68,"column":null}},{"start":{},"end":{}}],"line":66},"5":{"loc":{"start":{"line":92,"column":26},"end":{"line":92,"column":null}},"type":"binary-expr","locations":[{"start":{"line":92,"column":26},"end":{"line":92,"column":60}},{"start":{"line":92,"column":60},"end":{"line":92,"column":null}}],"line":92},"6":{"loc":{"start":{"line":102,"column":2},"end":{"line":104,"column":null}},"type":"if","locations":[{"start":{"line":102,"column":2},"end":{"line":104,"column":null}},{"start":{},"end":{}}],"line":102}},"s":{"0":1,"1":13,"2":13,"3":13,"4":13,"5":13,"6":3,"7":3,"8":0,"9":0,"10":3,"11":4,"12":13,"13":5,"14":1,"15":1,"16":1,"17":1,"18":1,"19":0,"20":1,"21":5,"22":5,"23":5,"24":5,"25":2,"26":5,"27":5,"28":5,"29":13,"30":1,"31":1,"32":1,"33":1,"34":13,"35":54,"36":13,"37":13,"38":17,"39":17,"40":4,"41":13},"f":{"0":13,"1":3,"2":4,"3":5,"4":1,"5":1,"6":5,"7":5,"8":1,"9":54,"10":17},"b":{"0":[0,3],"1":[1,0],"2":[1,0],"3":[5,3],"4":[2,3],"5":[13,12],"6":[4,13]},"meta":{"lastBranch":7,"lastFunction":11,"lastStatement":42,"seen":{"s:19:6:19:Infinity":0,"f:21:16:21:29":0,"s:22:23:22:Infinity":1,"s:23:29:23:Infinity":2,"s:24:25:24:Infinity":3,"s:25:29:25:Infinity":4,"s:27:25:39:Infinity":5,"f:27:25:27:32":1,"s:28:28:31:Infinity":6,"b:33:4:36:Infinity:undefined:undefined:undefined:undefined":0,"s:33:4:36:Infinity":7,"s:34:6:34:Infinity":8,"s:35:6:35:Infinity":9,"s:38:4:38:Infinity":10,"f:38:20:38:25":2,"s:38:25:38:31":11,"s:41:2:74:Infinity":12,"f:41:12:41:Infinity":3,"s:43:39:58:Infinity":13,"f:44:6:44:7":4,"s:45:8:45:Infinity":14,"s:46:8:46:Infinity":15,"b:46:16:46:33:46:33:46:Infinity":1,"b:49:8:55:Infinity:53:15:55:Infinity":2,"s:49:8:55:Infinity":16,"s:50:10:52:Infinity":17,"f:50:21:50:Infinity":5,"s:51:12:51:Infinity":18,"s:54:10:54:Infinity":19,"s:57:8:57:Infinity":20,"s:62:4:71:Infinity":21,"f:62:36:62:37":6,"s:63:6:63:Infinity":22,"s:64:6:64:Infinity":23,"b:64:14:64:31:64:31:64:Infinity":3,"b:66:6:68:Infinity:undefined:undefined:undefined:undefined":4,"s:66:6:68:Infinity":24,"s:67:8:67:Infinity":25,"s:70:6:70:Infinity":26,"s:73:4:73:Infinity":27,"f:73:11:73:17":7,"s:73:17:73:Infinity":28,"s:76:18:81:Infinity":29,"f:76:18:76:Infinity":8,"s:77:4:77:Infinity":30,"s:78:4:78:Infinity":31,"s:79:4:79:Infinity":32,"s:80:4:80:Infinity":33,"s:83:18:83:Infinity":34,"f:83:18:83:19":9,"s:83:37:83:Infinity":35,"s:85:33:95:Infinity":36,"b:92:26:92:60:92:60:92:Infinity":5,"s:97:2:97:Infinity":37,"f:100:16:100:Infinity":10,"s:101:8:101:Infinity":38,"b:102:2:104:Infinity:undefined:undefined:undefined:undefined":6,"s:102:2:104:Infinity":39,"s:103:4:103:Infinity":40,"s:105:2:105:Infinity":41}}}
,"/workspaces/se-customer-portal/src/hooks/useAzureMonitor.ts": {"path":"/workspaces/se-customer-portal/src/hooks/useAzureMonitor.ts","statementMap":{"0":{"start":{"line":54,"column":41},"end":{"line":54,"column":null}},"1":{"start":{"line":55,"column":55},"end":{"line":55,"column":null}},"2":{"start":{"line":56,"column":33},"end":{"line":56,"column":null}},"3":{"start":{"line":57,"column":27},"end":{"line":57,"column":null}},"4":{"start":{"line":58,"column":29},"end":{"line":58,"column":null}},"5":{"start":{"line":59,"column":29},"end":{"line":59,"column":null}},"6":{"start":{"line":60,"column":25},"end":{"line":60,"column":null}},"7":{"start":{"line":61,"column":17},"end":{"line":61,"column":null}},"8":{"start":{"line":63,"column":8},"end":{"line":124,"column":null}},"9":{"start":{"line":64,"column":34},"end":{"line":64,"column":null}},"10":{"start":{"line":66,"column":4},"end":{"line":121,"column":null}},"11":{"start":{"line":66,"column":23},"end":{"line":66,"column":26}},"12":{"start":{"line":67,"column":6},"end":{"line":120,"column":null}},"13":{"start":{"line":68,"column":32},"end":{"line":70,"column":null}},"14":{"start":{"line":72,"column":8},"end":{"line":87,"column":null}},"15":{"start":{"line":73,"column":10},"end":{"line":73,"column":null}},"16":{"start":{"line":74,"column":10},"end":{"line":74,"column":null}},"17":{"start":{"line":77,"column":10},"end":{"line":79,"column":null}},"18":{"start":{"line":78,"column":12},"end":{"line":78,"column":null}},"19":{"start":{"line":82,"column":10},"end":{"line":85,"column":null}},"20":{"start":{"line":83,"column":12},"end":{"line":83,"column":null}},"21":{"start":{"line":83,"column":41},"end":{"line":83,"column":null}},"22":{"start":{"line":84,"column":12},"end":{"line":84,"column":null}},"23":{"start":{"line":86,"column":10},"end":{"line":86,"column":null}},"24":{"start":{"line":89,"column":8},"end":{"line":102,"column":null}},"25":{"start":{"line":90,"column":10},"end":{"line":90,"column":null}},"26":{"start":{"line":93,"column":10},"end":{"line":95,"column":null}},"27":{"start":{"line":94,"column":12},"end":{"line":94,"column":null}},"28":{"start":{"line":97,"column":10},"end":{"line":100,"column":null}},"29":{"start":{"line":98,"column":12},"end":{"line":98,"column":null}},"30":{"start":{"line":98,"column":41},"end":{"line":98,"column":null}},"31":{"start":{"line":99,"column":12},"end":{"line":99,"column":null}},"32":{"start":{"line":101,"column":10},"end":{"line":101,"column":null}},"33":{"start":{"line":104,"column":8},"end":{"line":104,"column":null}},"34":{"start":{"line":106,"column":8},"end":{"line":112,"column":null}},"35":{"start":{"line":111,"column":10},"end":{"line":111,"column":21}},"36":{"start":{"line":114,"column":8},"end":{"line":114,"column":null}},"37":{"start":{"line":115,"column":8},"end":{"line":117,"column":null}},"38":{"start":{"line":116,"column":10},"end":{"line":116,"column":null}},"39":{"start":{"line":119,"column":8},"end":{"line":119,"column":null}},"40":{"start":{"line":119,"column":37},"end":{"line":119,"column":null}},"41":{"start":{"line":123,"column":4},"end":{"line":123,"column":null}},"42":{"start":{"line":126,"column":8},"end":{"line":148,"column":null}},"43":{"start":{"line":127,"column":4},"end":{"line":147,"column":null}},"44":{"start":{"line":128,"column":6},"end":{"line":128,"column":null}},"45":{"start":{"line":129,"column":6},"end":{"line":129,"column":null}},"46":{"start":{"line":130,"column":19},"end":{"line":130,"column":null}},"47":{"start":{"line":131,"column":6},"end":{"line":131,"column":null}},"48":{"start":{"line":134,"column":6},"end":{"line":136,"column":null}},"49":{"start":{"line":135,"column":8},"end":{"line":135,"column":null}},"50":{"start":{"line":138,"column":22},"end":{"line":138,"column":null}},"51":{"start":{"line":139,"column":6},"end":{"line":139,"column":null}},"52":{"start":{"line":140,"column":6},"end":{"line":144,"column":null}},"53":{"start":{"line":146,"column":6},"end":{"line":146,"column":null}},"54":{"start":{"line":150,"column":8},"end":{"line":167,"column":null}},"55":{"start":{"line":151,"column":4},"end":{"line":166,"column":null}},"56":{"start":{"line":152,"column":6},"end":{"line":152,"column":null}},"57":{"start":{"line":153,"column":6},"end":{"line":153,"column":null}},"58":{"start":{"line":154,"column":19},"end":{"line":154,"column":null}},"59":{"start":{"line":155,"column":6},"end":{"line":155,"column":null}},"60":{"start":{"line":157,"column":22},"end":{"line":157,"column":null}},"61":{"start":{"line":158,"column":6},"end":{"line":158,"column":null}},"62":{"start":{"line":159,"column":6},"end":{"line":163,"column":null}},"63":{"start":{"line":165,"column":6},"end":{"line":165,"column":null}},"64":{"start":{"line":169,"column":8},"end":{"line":176,"column":null}},"65":{"start":{"line":170,"column":4},"end":{"line":175,"column":null}},"66":{"start":{"line":171,"column":19},"end":{"line":171,"column":null}},"67":{"start":{"line":172,"column":6},"end":{"line":172,"column":null}},"68":{"start":{"line":174,"column":6},"end":{"line":174,"column":null}},"69":{"start":{"line":178,"column":8},"end":{"line":190,"column":null}},"70":{"start":{"line":179,"column":4},"end":{"line":189,"column":null}},"71":{"start":{"line":180,"column":6},"end":{"line":180,"column":null}},"72":{"start":{"line":181,"column":6},"end":{"line":181,"column":null}},"73":{"start":{"line":182,"column":19},"end":{"line":182,"column":null}},"74":{"start":{"line":183,"column":6},"end":{"line":183,"column":null}},"75":{"start":{"line":185,"column":22},"end":{"line":185,"column":null}},"76":{"start":{"line":186,"column":6},"end":{"line":186,"column":null}},"77":{"start":{"line":188,"column":6},"end":{"line":188,"column":null}},"78":{"start":{"line":192,"column":8},"end":{"line":205,"column":null}},"79":{"start":{"line":193,"column":4},"end":{"line":204,"column":null}},"80":{"start":{"line":194,"column":19},"end":{"line":194,"column":null}},"81":{"start":{"line":195,"column":6},"end":{"line":195,"column":null}},"82":{"start":{"line":197,"column":22},"end":{"line":197,"column":null}},"83":{"start":{"line":198,"column":6},"end":{"line":202,"column":null}},"84":{"start":{"line":203,"column":6},"end":{"line":203,"column":null}},"85":{"start":{"line":207,"column":8},"end":{"line":215,"column":null}},"86":{"start":{"line":208,"column":4},"end":{"line":214,"column":null}},"87":{"start":{"line":209,"column":19},"end":{"line":209,"column":null}},"88":{"start":{"line":210,"column":6},"end":{"line":210,"column":null}},"89":{"start":{"line":212,"column":6},"end":{"line":212,"column":null}},"90":{"start":{"line":213,"column":6},"end":{"line":213,"column":null}},"91":{"start":{"line":217,"column":8},"end":{"line":225,"column":null}},"92":{"start":{"line":218,"column":4},"end":{"line":224,"column":null}},"93":{"start":{"line":219,"column":6},"end":{"line":223,"column":null}},"94":{"start":{"line":228,"column":2},"end":{"line":230,"column":null}},"95":{"start":{"line":229,"column":4},"end":{"line":229,"column":null}},"96":{"start":{"line":233,"column":2},"end":{"line":237,"column":null}},"97":{"start":{"line":234,"column":4},"end":{"line":236,"column":null}},"98":{"start":{"line":235,"column":6},"end":{"line":235,"column":null}},"99":{"start":{"line":239,"column":2},"end":{"line":255,"column":null}}},"fnMap":{"0":{"name":"useAzureMonitor","decl":{"start":{"line":53,"column":16},"end":{"line":53,"column":null}},"loc":{"start":{"line":53,"column":16},"end":{"line":256,"column":null}},"line":53},"1":{"name":"(anonymous_1)","decl":{"start":{"line":63,"column":39},"end":{"line":63,"column":46}},"loc":{"start":{"line":63,"column":107},"end":{"line":124,"column":5}},"line":63},"2":{"name":"(anonymous_2)","decl":{"start":{"line":83,"column":30},"end":{"line":83,"column":41}},"loc":{"start":{"line":83,"column":41},"end":{"line":83,"column":null}},"line":83},"3":{"name":"(anonymous_3)","decl":{"start":{"line":98,"column":30},"end":{"line":98,"column":41}},"loc":{"start":{"line":98,"column":41},"end":{"line":98,"column":null}},"line":98},"4":{"name":"(anonymous_4)","decl":{"start":{"line":119,"column":26},"end":{"line":119,"column":37}},"loc":{"start":{"line":119,"column":37},"end":{"line":119,"column":null}},"line":119},"5":{"name":"(anonymous_5)","decl":{"start":{"line":126,"column":41},"end":{"line":126,"column":null}},"loc":{"start":{"line":126,"column":41},"end":{"line":148,"column":5}},"line":126},"6":{"name":"(anonymous_6)","decl":{"start":{"line":150,"column":37},"end":{"line":150,"column":44}},"loc":{"start":{"line":150,"column":44},"end":{"line":167,"column":5}},"line":150},"7":{"name":"(anonymous_7)","decl":{"start":{"line":169,"column":34},"end":{"line":169,"column":41}},"loc":{"start":{"line":169,"column":41},"end":{"line":176,"column":5}},"line":169},"8":{"name":"(anonymous_8)","decl":{"start":{"line":178,"column":44},"end":{"line":178,"column":51}},"loc":{"start":{"line":178,"column":51},"end":{"line":190,"column":5}},"line":178},"9":{"name":"(anonymous_9)","decl":{"start":{"line":192,"column":32},"end":{"line":192,"column":39}},"loc":{"start":{"line":192,"column":60},"end":{"line":205,"column":5}},"line":192},"10":{"name":"(anonymous_10)","decl":{"start":{"line":207,"column":41},"end":{"line":207,"column":48}},"loc":{"start":{"line":207,"column":48},"end":{"line":215,"column":5}},"line":207},"11":{"name":"(anonymous_11)","decl":{"start":{"line":217,"column":30},"end":{"line":217,"column":null}},"loc":{"start":{"line":217,"column":30},"end":{"line":225,"column":5}},"line":217},"12":{"name":"(anonymous_12)","decl":{"start":{"line":228,"column":12},"end":{"line":228,"column":null}},"loc":{"start":{"line":228,"column":12},"end":{"line":230,"column":5}},"line":228},"13":{"name":"(anonymous_13)","decl":{"start":{"line":233,"column":12},"end":{"line":233,"column":null}},"loc":{"start":{"line":233,"column":12},"end":{"line":237,"column":5}},"line":233}},"branchMap":{"0":{"loc":{"start":{"line":63,"column":62},"end":{"line":63,"column":94}},"type":"default-arg","locations":[{"start":{"line":63,"column":92},"end":{"line":63,"column":94}}],"line":63},"1":{"loc":{"start":{"line":63,"column":96},"end":{"line":63,"column":107}},"type":"default-arg","locations":[{"start":{"line":63,"column":106},"end":{"line":63,"column":107}}],"line":63},"2":{"loc":{"start":{"line":72,"column":8},"end":{"line":87,"column":null}},"type":"if","locations":[{"start":{"line":72,"column":8},"end":{"line":87,"column":null}},{"start":{},"end":{}}],"line":72},"3":{"loc":{"start":{"line":74,"column":32},"end":{"line":74,"column":null}},"type":"binary-expr","locations":[{"start":{"line":74,"column":32},"end":{"line":74,"column":45}},{"start":{"line":74,"column":49},"end":{"line":74,"column":null}}],"line":74},"4":{"loc":{"start":{"line":77,"column":10},"end":{"line":79,"column":null}},"type":"if","locations":[{"start":{"line":77,"column":10},"end":{"line":79,"column":null}},{"start":{},"end":{}}],"line":77},"5":{"loc":{"start":{"line":77,"column":14},"end":{"line":77,"column":97}},"type":"binary-expr","locations":[{"start":{"line":77,"column":14},"end":{"line":77,"column":56}},{"start":{"line":77,"column":56},"end":{"line":77,"column":97}}],"line":77},"6":{"loc":{"start":{"line":82,"column":10},"end":{"line":85,"column":null}},"type":"if","locations":[{"start":{"line":82,"column":10},"end":{"line":85,"column":null}},{"start":{},"end":{}}],"line":82},"7":{"loc":{"start":{"line":89,"column":8},"end":{"line":102,"column":null}},"type":"if","locations":[{"start":{"line":89,"column":8},"end":{"line":102,"column":null}},{"start":{},"end":{}}],"line":89},"8":{"loc":{"start":{"line":93,"column":10},"end":{"line":95,"column":null}},"type":"if","locations":[{"start":{"line":93,"column":10},"end":{"line":95,"column":null}},{"start":{},"end":{}}],"line":93},"9":{"loc":{"start":{"line":93,"column":14},"end":{"line":93,"column":91}},"type":"binary-expr","locations":[{"start":{"line":93,"column":14},"end":{"line":93,"column":55}},{"start":{"line":93,"column":55},"end":{"line":93,"column":91}}],"line":93},"10":{"loc":{"start":{"line":97,"column":10},"end":{"line":100,"column":null}},"type":"if","locations":[{"start":{"line":97,"column":10},"end":{"line":100,"column":null}},{"start":{},"end":{}}],"line":97},"11":{"loc":{"start":{"line":106,"column":8},"end":{"line":112,"column":null}},"type":"if","locations":[{"start":{"line":106,"column":8},"end":{"line":112,"column":null}},{"start":{},"end":{}}],"line":106},"12":{"loc":{"start":{"line":106,"column":12},"end":{"line":109,"column":null}},"type":"binary-expr","locations":[{"start":{"line":106,"column":12},"end":{"line":106,"column":null}},{"start":{"line":107,"column":10},"end":{"line":107,"column":null}},{"start":{"line":108,"column":10},"end":{"line":108,"column":null}},{"start":{"line":109,"column":10},"end":{"line":109,"column":45}}],"line":106},"13":{"loc":{"start":{"line":114,"column":20},"end":{"line":114,"column":null}},"type":"cond-expr","locations":[{"start":{"line":114,"column":43},"end":{"line":114,"column":49}},{"start":{"line":114,"column":49},"end":{"line":114,"column":null}}],"line":114},"14":{"loc":{"start":{"line":115,"column":8},"end":{"line":117,"column":null}},"type":"if","locations":[{"start":{"line":115,"column":8},"end":{"line":117,"column":null}},{"start":{},"end":{}}],"line":115},"15":{"loc":{"start":{"line":123,"column":10},"end":{"line":123,"column":null}},"type":"binary-expr","locations":[{"start":{"line":123,"column":10},"end":{"line":123,"column":23}},{"start":{"line":123,"column":23},"end":{"line":123,"column":null}}],"line":123},"16":{"loc":{"start":{"line":131,"column":23},"end":{"line":131,"column":47}},"type":"binary-expr","locations":[{"start":{"line":131,"column":23},"end":{"line":131,"column":41}},{"start":{"line":131,"column":45},"end":{"line":131,"column":47}}],"line":131},"17":{"loc":{"start":{"line":134,"column":6},"end":{"line":136,"column":null}},"type":"if","locations":[{"start":{"line":134,"column":6},"end":{"line":136,"column":null}},{"start":{},"end":{}}],"line":134},"18":{"loc":{"start":{"line":134,"column":10},"end":{"line":134,"column":67}},"type":"binary-expr","locations":[{"start":{"line":134,"column":10},"end":{"line":134,"column":44}},{"start":{"line":134,"column":44},"end":{"line":134,"column":67}}],"line":134},"19":{"loc":{"start":{"line":138,"column":22},"end":{"line":138,"column":null}},"type":"cond-expr","locations":[{"start":{"line":138,"column":45},"end":{"line":138,"column":56}},{"start":{"line":138,"column":59},"end":{"line":138,"column":null}}],"line":138},"20":{"loc":{"start":{"line":155,"column":19},"end":{"line":155,"column":39}},"type":"binary-expr","locations":[{"start":{"line":155,"column":19},"end":{"line":155,"column":33}},{"start":{"line":155,"column":37},"end":{"line":155,"column":39}}],"line":155},"21":{"loc":{"start":{"line":157,"column":22},"end":{"line":157,"column":null}},"type":"cond-expr","locations":[{"start":{"line":157,"column":45},"end":{"line":157,"column":56}},{"start":{"line":157,"column":59},"end":{"line":157,"column":null}}],"line":157},"22":{"loc":{"start":{"line":172,"column":16},"end":{"line":172,"column":33}},"type":"binary-expr","locations":[{"start":{"line":172,"column":16},"end":{"line":172,"column":27}},{"start":{"line":172,"column":31},"end":{"line":172,"column":33}}],"line":172},"23":{"loc":{"start":{"line":185,"column":22},"end":{"line":185,"column":null}},"type":"cond-expr","locations":[{"start":{"line":185,"column":45},"end":{"line":185,"column":56}},{"start":{"line":185,"column":59},"end":{"line":185,"column":null}}],"line":185},"24":{"loc":{"start":{"line":197,"column":22},"end":{"line":197,"column":null}},"type":"cond-expr","locations":[{"start":{"line":197,"column":45},"end":{"line":197,"column":56}},{"start":{"line":197,"column":59},"end":{"line":197,"column":null}}],"line":197},"25":{"loc":{"start":{"line":218,"column":4},"end":{"line":224,"column":null}},"type":"if","locations":[{"start":{"line":218,"column":4},"end":{"line":224,"column":null}},{"start":{},"end":{}}],"line":218},"26":{"loc":{"start":{"line":234,"column":4},"end":{"line":236,"column":null}},"type":"if","locations":[{"start":{"line":234,"column":4},"end":{"line":236,"column":null}},{"start":{},"end":{}}],"line":234}},"s":{"0":33,"1":33,"2":33,"3":33,"4":33,"5":33,"6":33,"7":33,"8":33,"9":22,"10":22,"11":22,"12":28,"13":28,"14":28,"15":9,"16":9,"17":9,"18":1,"19":8,"20":6,"21":6,"22":6,"23":2,"24":19,"25":0,"26":0,"27":0,"28":0,"29":0,"30":0,"31":0,"32":0,"33":19,"34":3,"35":1,"36":2,"37":3,"38":2,"39":0,"40":0,"41":6,"42":33,"43":11,"44":11,"45":11,"46":11,"47":10,"48":11,"49":2,"50":1,"51":1,"52":1,"53":11,"54":33,"55":4,"56":4,"57":4,"58":4,"59":3,"60":1,"61":1,"62":1,"63":4,"64":33,"65":2,"66":2,"67":2,"68":0,"69":33,"70":2,"71":2,"72":2,"73":2,"74":2,"75":0,"76":0,"77":2,"78":33,"79":2,"80":2,"81":1,"82":1,"83":1,"84":1,"85":33,"86":1,"87":1,"88":1,"89":0,"90":0,"91":33,"92":2,"93":2,"94":33,"95":11,"96":33,"97":11,"98":2,"99":33},"f":{"0":33,"1":22,"2":6,"3":0,"4":0,"5":11,"6":4,"7":2,"8":2,"9":2,"10":1,"11":2,"12":11,"13":11},"b":{"0":[22],"1":[22],"2":[9,19],"3":[9,0],"4":[1,8],"5":[9,9],"6":[6,2],"7":[0,19],"8":[0,0],"9":[0,0],"10":[0,0],"11":[1,2],"12":[3,3,3,3],"13":[2,0],"14":[2,1],"15":[6,0],"16":[10,0],"17":[2,9],"18":[11,4],"19":[1,0],"20":[3,1],"21":[1,0],"22":[2,1],"23":[0,0],"24":[1,0],"25":[2,0],"26":[2,9]},"meta":{"lastBranch":27,"lastFunction":14,"lastStatement":100,"seen":{"f:53:16:53:Infinity":0,"s:54:41:54:Infinity":0,"s:55:55:55:Infinity":1,"s:56:33:56:Infinity":2,"s:57:27:57:Infinity":3,"s:58:29:58:Infinity":4,"s:59:29:59:Infinity":5,"s:60:25:60:Infinity":6,"s:61:17:61:Infinity":7,"s:63:8:124:Infinity":8,"f:63:39:63:46":1,"b:63:92:63:94":0,"b:63:106:63:107":1,"s:64:34:64:Infinity":9,"s:66:4:121:Infinity":10,"s:66:23:66:26":11,"s:67:6:120:Infinity":12,"s:68:32:70:Infinity":13,"b:72:8:87:Infinity:undefined:undefined:undefined:undefined":2,"s:72:8:87:Infinity":14,"s:73:10:73:Infinity":15,"s:74:10:74:Infinity":16,"b:74:32:74:45:74:49:74:Infinity":3,"b:77:10:79:Infinity:undefined:undefined:undefined:undefined":4,"s:77:10:79:Infinity":17,"b:77:14:77:56:77:56:77:97":5,"s:78:12:78:Infinity":18,"b:82:10:85:Infinity:undefined:undefined:undefined:undefined":6,"s:82:10:85:Infinity":19,"s:83:12:83:Infinity":20,"f:83:30:83:41":2,"s:83:41:83:Infinity":21,"s:84:12:84:Infinity":22,"s:86:10:86:Infinity":23,"b:89:8:102:Infinity:undefined:undefined:undefined:undefined":7,"s:89:8:102:Infinity":24,"s:90:10:90:Infinity":25,"b:93:10:95:Infinity:undefined:undefined:undefined:undefined":8,"s:93:10:95:Infinity":26,"b:93:14:93:55:93:55:93:91":9,"s:94:12:94:Infinity":27,"b:97:10:100:Infinity:undefined:undefined:undefined:undefined":10,"s:97:10:100:Infinity":28,"s:98:12:98:Infinity":29,"f:98:30:98:41":3,"s:98:41:98:Infinity":30,"s:99:12:99:Infinity":31,"s:101:10:101:Infinity":32,"s:104:8:104:Infinity":33,"b:106:8:112:Infinity:undefined:undefined:undefined:undefined":11,"s:106:8:112:Infinity":34,"b:106:12:106:Infinity:107:10:107:Infinity:108:10:108:Infinity:109:10:109:45":12,"s:111:10:111:21":35,"s:114:8:114:Infinity":36,"b:114:43:114:49:114:49:114:Infinity":13,"b:115:8:117:Infinity:undefined:undefined:undefined:undefined":14,"s:115:8:117:Infinity":37,"s:116:10:116:Infinity":38,"s:119:8:119:Infinity":39,"f:119:26:119:37":4,"s:119:37:119:Infinity":40,"s:123:4:123:Infinity":41,"b:123:10:123:23:123:23:123:Infinity":15,"s:126:8:148:Infinity":42,"f:126:41:126:Infinity":5,"s:127:4:147:Infinity":43,"s:128:6:128:Infinity":44,"s:129:6:129:Infinity":45,"s:130:19:130:Infinity":46,"s:131:6:131:Infinity":47,"b:131:23:131:41:131:45:131:47":16,"b:134:6:136:Infinity:undefined:undefined:undefined:undefined":17,"s:134:6:136:Infinity":48,"b:134:10:134:44:134:44:134:67":18,"s:135:8:135:Infinity":49,"s:138:22:138:Infinity":50,"b:138:45:138:56:138:59:138:Infinity":19,"s:139:6:139:Infinity":51,"s:140:6:144:Infinity":52,"s:146:6:146:Infinity":53,"s:150:8:167:Infinity":54,"f:150:37:150:44":6,"s:151:4:166:Infinity":55,"s:152:6:152:Infinity":56,"s:153:6:153:Infinity":57,"s:154:19:154:Infinity":58,"s:155:6:155:Infinity":59,"b:155:19:155:33:155:37:155:39":20,"s:157:22:157:Infinity":60,"b:157:45:157:56:157:59:157:Infinity":21,"s:158:6:158:Infinity":61,"s:159:6:163:Infinity":62,"s:165:6:165:Infinity":63,"s:169:8:176:Infinity":64,"f:169:34:169:41":7,"s:170:4:175:Infinity":65,"s:171:19:171:Infinity":66,"s:172:6:172:Infinity":67,"b:172:16:172:27:172:31:172:33":22,"s:174:6:174:Infinity":68,"s:178:8:190:Infinity":69,"f:178:44:178:51":8,"s:179:4:189:Infinity":70,"s:180:6:180:Infinity":71,"s:181:6:181:Infinity":72,"s:182:19:182:Infinity":73,"s:183:6:183:Infinity":74,"s:185:22:185:Infinity":75,"b:185:45:185:56:185:59:185:Infinity":23,"s:186:6:186:Infinity":76,"s:188:6:188:Infinity":77,"s:192:8:205:Infinity":78,"f:192:32:192:39":9,"s:193:4:204:Infinity":79,"s:194:19:194:Infinity":80,"s:195:6:195:Infinity":81,"s:197:22:197:Infinity":82,"b:197:45:197:56:197:59:197:Infinity":24,"s:198:6:202:Infinity":83,"s:203:6:203:Infinity":84,"s:207:8:215:Infinity":85,"f:207:41:207:48":10,"s:208:4:214:Infinity":86,"s:209:19:209:Infinity":87,"s:210:6:210:Infinity":88,"s:212:6:212:Infinity":89,"s:213:6:213:Infinity":90,"s:217:8:225:Infinity":91,"f:217:30:217:Infinity":11,"b:218:4:224:Infinity:undefined:undefined:undefined:undefined":25,"s:218:4:224:Infinity":92,"s:219:6:223:Infinity":93,"s:228:2:230:Infinity":94,"f:228:12:228:Infinity":12,"s:229:4:229:Infinity":95,"s:233:2:237:Infinity":96,"f:233:12:233:Infinity":13,"b:234:4:236:Infinity:undefined:undefined:undefined:undefined":26,"s:234:4:236:Infinity":97,"s:235:6:235:Infinity":98,"s:239:2:255:Infinity":99}}}
,"/workspaces/se-customer-portal/src/integrations/backend/client.ts": {"path":"/workspaces/se-customer-portal/src/integrations/backend/client.ts","statementMap":{"0":{"start":{"line":16,"column":20},"end":{"line":19,"column":null}},"1":{"start":{"line":17,"column":2},"end":{"line":17,"column":null}},"2":{"start":{"line":17,"column":33},"end":{"line":17,"column":null}},"3":{"start":{"line":18,"column":2},"end":{"line":18,"column":null}},"4":{"start":{"line":21,"column":30},"end":{"line":21,"column":null}},"5":{"start":{"line":23,"column":2},"end":{"line":23,"column":null}},"6":{"start":{"line":26,"column":2},"end":{"line":26,"column":null}},"7":{"start":{"line":29,"column":2},"end":{"line":30,"column":null}},"8":{"start":{"line":32,"column":13},"end":{"line":41,"column":null}}},"fnMap":{"0":{"name":"(anonymous_0)","decl":{"start":{"line":16,"column":20},"end":{"line":16,"column":21}},"loc":{"start":{"line":16,"column":21},"end":{"line":19,"column":null}},"line":16}},"branchMap":{"0":{"loc":{"start":{"line":17,"column":2},"end":{"line":17,"column":null}},"type":"if","locations":[{"start":{"line":17,"column":2},"end":{"line":17,"column":null}},{"start":{},"end":{}}],"line":17},"1":{"loc":{"start":{"line":26,"column":2},"end":{"line":26,"column":null}},"type":"binary-expr","locations":[{"start":{"line":26,"column":2},"end":{"line":26,"column":52}},{"start":{"line":26,"column":52},"end":{"line":26,"column":null}}],"line":26},"2":{"loc":{"start":{"line":29,"column":2},"end":{"line":30,"column":null}},"type":"binary-expr","locations":[{"start":{"line":29,"column":2},"end":{"line":29,"column":null}},{"start":{"line":30,"column":2},"end":{"line":30,"column":null}}],"line":29}},"s":{"0":1,"1":2,"2":2,"3":0,"4":1,"5":1,"6":1,"7":1,"8":1},"f":{"0":2},"b":{"0":[2,0],"1":[1,1],"2":[1,1]},"meta":{"lastBranch":3,"lastFunction":1,"lastStatement":9,"seen":{"s:16:20:19:Infinity":0,"f:16:20:16:21":0,"b:17:2:17:Infinity:undefined:undefined:undefined:undefined":0,"s:17:2:17:Infinity":1,"s:17:33:17:Infinity":2,"s:18:2:18:Infinity":3,"s:21:30:21:Infinity":4,"s:23:2:23:Infinity":5,"s:26:2:26:Infinity":6,"b:26:2:26:52:26:52:26:Infinity":1,"s:29:2:30:Infinity":7,"b:29:2:29:Infinity:30:2:30:Infinity":2,"s:32:13:41:Infinity":8}}}
,"/workspaces/se-customer-portal/src/lib/azureAuth.ts": {"path":"/workspaces/se-customer-portal/src/lib/azureAuth.ts","statementMap":{"0":{"start":{"line":15,"column":18},"end":{"line":15,"column":null}},"1":{"start":{"line":16,"column":23},"end":{"line":16,"column":null}},"2":{"start":{"line":17,"column":2},"end":{"line":17,"column":null}},"3":{"start":{"line":18,"column":2},"end":{"line":20,"column":null}},"4":{"start":{"line":19,"column":16},"end":{"line":19,"column":43}},"5":{"start":{"line":27,"column":18},"end":{"line":27,"column":null}},"6":{"start":{"line":28,"column":15},"end":{"line":28,"column":null}},"7":{"start":{"line":29,"column":2},"end":{"line":29,"column":null}},"8":{"start":{"line":36,"column":16},"end":{"line":36,"column":null}},"9":{"start":{"line":37,"column":15},"end":{"line":37,"column":null}},"10":{"start":{"line":38,"column":2},"end":{"line":40,"column":null}},"11":{"start":{"line":38,"column":15},"end":{"line":38,"column":18}},"12":{"start":{"line":39,"column":4},"end":{"line":39,"column":null}},"13":{"start":{"line":41,"column":2},"end":{"line":44,"column":null}},"14":{"start":{"line":51,"column":23},"end":{"line":51,"column":null}},"15":{"start":{"line":52,"column":17},"end":{"line":52,"column":null}},"16":{"start":{"line":53,"column":24},"end":{"line":53,"column":null}},"17":{"start":{"line":55,"column":2},"end":{"line":58,"column":null}},"18":{"start":{"line":65,"column":2},"end":{"line":65,"column":null}},"19":{"start":{"line":66,"column":2},"end":{"line":66,"column":null}},"20":{"start":{"line":73,"column":23},"end":{"line":73,"column":null}},"21":{"start":{"line":74,"column":24},"end":{"line":74,"column":null}},"22":{"start":{"line":76,"column":2},"end":{"line":78,"column":null}},"23":{"start":{"line":77,"column":4},"end":{"line":77,"column":null}},"24":{"start":{"line":80,"column":2},"end":{"line":80,"column":null}},"25":{"start":{"line":87,"column":2},"end":{"line":87,"column":null}},"26":{"start":{"line":88,"column":2},"end":{"line":88,"column":null}},"27":{"start":{"line":98,"column":23},"end":{"line":102,"column":null}},"28":{"start":{"line":104,"column":32},"end":{"line":104,"column":34}},"29":{"start":{"line":106,"column":2},"end":{"line":111,"column":null}},"30":{"start":{"line":107,"column":18},"end":{"line":107,"column":52}},"31":{"start":{"line":108,"column":4},"end":{"line":110,"column":null}},"32":{"start":{"line":109,"column":6},"end":{"line":109,"column":null}},"33":{"start":{"line":113,"column":2},"end":{"line":116,"column":null}},"34":{"start":{"line":124,"column":2},"end":{"line":126,"column":null}},"35":{"start":{"line":125,"column":4},"end":{"line":125,"column":null}},"36":{"start":{"line":129,"column":2},"end":{"line":129,"column":null}},"37":{"start":{"line":135,"column":12},"end":{"line":135,"column":null}},"38":{"start":{"line":151,"column":4},"end":{"line":149,"column":21}},"39":{"start":{"line":152,"column":4},"end":{"line":152,"column":null}},"40":{"start":{"line":160,"column":2},"end":{"line":166,"column":null}},"41":{"start":{"line":161,"column":4},"end":{"line":164,"column":null}},"42":{"start":{"line":168,"column":2},"end":{"line":174,"column":null}},"43":{"start":{"line":169,"column":4},"end":{"line":172,"column":null}},"44":{"start":{"line":176,"column":2},"end":{"line":182,"column":null}},"45":{"start":{"line":177,"column":4},"end":{"line":180,"column":null}},"46":{"start":{"line":184,"column":2},"end":{"line":187,"column":null}}},"fnMap":{"0":{"name":"_define_property","decl":{"start":{"line":4,"column":1},"end":{"line":4,"column":null}},"loc":{"start":{"line":4,"column":1},"end":{"line":4,"column":null}},"line":4},"1":{"name":"generateRandomString","decl":{"start":{"line":14,"column":9},"end":{"line":14,"column":30}},"loc":{"start":{"line":14,"column":44},"end":{"line":21,"column":null}},"line":14},"2":{"name":"(anonymous_2)","decl":{"start":{"line":19,"column":9},"end":{"line":19,"column":10}},"loc":{"start":{"line":19,"column":16},"end":{"line":19,"column":43}},"line":19},"3":{"name":"sha256","decl":{"start":{"line":26,"column":15},"end":{"line":26,"column":22}},"loc":{"start":{"line":26,"column":35},"end":{"line":30,"column":null}},"line":26},"4":{"name":"base64URLEncode","decl":{"start":{"line":35,"column":9},"end":{"line":35,"column":25}},"loc":{"start":{"line":35,"column":44},"end":{"line":45,"column":null}},"line":35},"5":{"name":"generatePKCE","decl":{"start":{"line":50,"column":22},"end":{"line":50,"column":null}},"loc":{"start":{"line":50,"column":22},"end":{"line":59,"column":null}},"line":50},"6":{"name":"storePKCE","decl":{"start":{"line":64,"column":16},"end":{"line":64,"column":26}},"loc":{"start":{"line":64,"column":42},"end":{"line":67,"column":null}},"line":64},"7":{"name":"retrievePKCE","decl":{"start":{"line":72,"column":16},"end":{"line":72,"column":null}},"loc":{"start":{"line":72,"column":16},"end":{"line":81,"column":null}},"line":72},"8":{"name":"clearPKCE","decl":{"start":{"line":86,"column":16},"end":{"line":86,"column":null}},"loc":{"start":{"line":86,"column":16},"end":{"line":89,"column":null}},"line":86},"9":{"name":"validateAzureConfig","decl":{"start":{"line":94,"column":16},"end":{"line":94,"column":null}},"loc":{"start":{"line":94,"column":16},"end":{"line":117,"column":null}},"line":94},"10":{"name":"getRedirectUri","decl":{"start":{"line":122,"column":16},"end":{"line":122,"column":null}},"loc":{"start":{"line":122,"column":16},"end":{"line":130,"column":null}},"line":122},"11":{"name":"(anonymous_11)","decl":{"start":{"line":135,"column":12},"end":{"line":135,"column":null}},"loc":{"start":{"line":135,"column":12},"end":{"line":135,"column":null}},"line":135},"12":{"name":"(anonymous_12)","decl":{"start":{"line":146,"column":2},"end":{"line":146,"column":null}},"loc":{"start":{"line":150,"column":4},"end":{"line":153,"column":null}},"line":150},"13":{"name":"parseAzureError","decl":{"start":{"line":159,"column":16},"end":{"line":159,"column":32}},"loc":{"start":{"line":159,"column":42},"end":{"line":189,"column":null}},"line":159}},"branchMap":{"0":{"loc":{"start":{"line":76,"column":2},"end":{"line":78,"column":null}},"type":"if","locations":[{"start":{"line":76,"column":2},"end":{"line":78,"column":null}},{"start":{},"end":{}}],"line":76},"1":{"loc":{"start":{"line":76,"column":6},"end":{"line":76,"column":39}},"type":"binary-expr","locations":[{"start":{"line":76,"column":6},"end":{"line":76,"column":23}},{"start":{"line":76,"column":23},"end":{"line":76,"column":39}}],"line":76},"2":{"loc":{"start":{"line":108,"column":4},"end":{"line":110,"column":null}},"type":"if","locations":[{"start":{"line":108,"column":4},"end":{"line":110,"column":null}},{"start":{},"end":{}}],"line":108},"3":{"loc":{"start":{"line":108,"column":8},"end":{"line":108,"column":57}},"type":"binary-expr","locations":[{"start":{"line":108,"column":8},"end":{"line":108,"column":18}},{"start":{"line":108,"column":18},"end":{"line":108,"column":34}},{"start":{"line":108,"column":34},"end":{"line":108,"column":57}}],"line":108},"4":{"loc":{"start":{"line":124,"column":2},"end":{"line":126,"column":null}},"type":"if","locations":[{"start":{"line":124,"column":2},"end":{"line":126,"column":null}},{"start":{},"end":{}}],"line":124},"5":{"loc":{"start":{"line":160,"column":2},"end":{"line":166,"column":null}},"type":"if","locations":[{"start":{"line":160,"column":2},"end":{"line":166,"column":null}},{"start":{},"end":{}}],"line":160},"6":{"loc":{"start":{"line":168,"column":2},"end":{"line":174,"column":null}},"type":"if","locations":[{"start":{"line":168,"column":2},"end":{"line":174,"column":null}},{"start":{},"end":{}}],"line":168},"7":{"loc":{"start":{"line":176,"column":2},"end":{"line":182,"column":null}},"type":"if","locations":[{"start":{"line":176,"column":2},"end":{"line":182,"column":null}},{"start":{},"end":{}}],"line":176},"8":{"loc":{"start":{"line":186,"column":4},"end":{"line":186,"column":null}},"type":"binary-expr","locations":[{"start":{"line":186,"column":4},"end":{"line":186,"column":32}},{"start":{"line":186,"column":32},"end":{"line":186,"column":50}},{"start":{"line":186,"column":50},"end":{"line":186,"column":null}}],"line":186}},"s":{"0":5,"1":5,"2":5,"3":5,"4":640,"5":5,"6":5,"7":5,"8":5,"9":5,"10":5,"11":5,"12":160,"13":5,"14":5,"15":5,"16":5,"17":5,"18":2,"19":2,"20":3,"21":3,"22":3,"23":2,"24":1,"25":1,"26":1,"27":1,"28":1,"29":1,"30":3,"31":3,"32":3,"33":1,"34":1,"35":0,"36":1,"37":1,"38":4,"39":4,"40":4,"41":1,"42":3,"43":1,"44":2,"45":1,"46":1},"f":{"0":8,"1":5,"2":640,"3":5,"4":5,"5":5,"6":2,"7":3,"8":1,"9":1,"10":1,"11":1,"12":4,"13":4},"b":{"0":[2,1],"1":[3,1],"2":[3,0],"3":[3,0,0],"4":[0,1],"5":[1,3],"6":[1,2],"7":[1,1],"8":[1,0,0]},"meta":{"lastBranch":9,"lastFunction":14,"lastStatement":47,"seen":{"f:4:1:4:Infinity":0,"f:14:9:14:30":1,"s:15:18:15:Infinity":0,"s:16:23:16:Infinity":1,"s:17:2:17:Infinity":2,"s:18:2:20:Infinity":3,"f:19:9:19:10":2,"s:19:16:19:43":4,"f:26:15:26:22":3,"s:27:18:27:Infinity":5,"s:28:15:28:Infinity":6,"s:29:2:29:Infinity":7,"f:35:9:35:25":4,"s:36:16:36:Infinity":8,"s:37:15:37:Infinity":9,"s:38:2:40:Infinity":10,"s:38:15:38:18":11,"s:39:4:39:Infinity":12,"s:41:2:44:Infinity":13,"f:50:22:50:Infinity":5,"s:51:23:51:Infinity":14,"s:52:17:52:Infinity":15,"s:53:24:53:Infinity":16,"s:55:2:58:Infinity":17,"f:64:16:64:26":6,"s:65:2:65:Infinity":18,"s:66:2:66:Infinity":19,"f:72:16:72:Infinity":7,"s:73:23:73:Infinity":20,"s:74:24:74:Infinity":21,"b:76:2:78:Infinity:undefined:undefined:undefined:undefined":0,"s:76:2:78:Infinity":22,"b:76:6:76:23:76:23:76:39":1,"s:77:4:77:Infinity":23,"s:80:2:80:Infinity":24,"f:86:16:86:Infinity":8,"s:87:2:87:Infinity":25,"s:88:2:88:Infinity":26,"f:94:16:94:Infinity":9,"s:98:23:102:Infinity":27,"s:104:32:104:34":28,"s:106:2:111:Infinity":29,"s:107:18:107:52":30,"b:108:4:110:Infinity:undefined:undefined:undefined:undefined":2,"s:108:4:110:Infinity":31,"b:108:8:108:18:108:18:108:34:108:34:108:57":3,"s:109:6:109:Infinity":32,"s:113:2:116:Infinity":33,"f:122:16:122:Infinity":10,"b:124:2:126:Infinity:undefined:undefined:undefined:undefined":4,"s:124:2:126:Infinity":34,"s:125:4:125:Infinity":35,"s:129:2:129:Infinity":36,"s:135:12:135:Infinity":37,"f:135:12:135:Infinity":11,"f:146:2:146:Infinity":12,"s:151:4:149:21":38,"s:152:4:152:Infinity":39,"f:159:16:159:32":13,"b:160:2:166:Infinity:undefined:undefined:undefined:undefined":5,"s:160:2:166:Infinity":40,"s:161:4:164:Infinity":41,"b:168:2:174:Infinity:undefined:undefined:undefined:undefined":6,"s:168:2:174:Infinity":42,"s:169:4:172:Infinity":43,"b:176:2:182:Infinity:undefined:undefined:undefined:undefined":7,"s:176:2:182:Infinity":44,"s:177:4:180:Infinity":45,"s:184:2:187:Infinity":46,"b:186:4:186:32:186:32:186:50:186:50:186:Infinity":8}}}
,"/workspaces/se-customer-portal/src/lib/utils.ts": {"path":"/workspaces/se-customer-portal/src/lib/utils.ts","statementMap":{"0":{"start":{"line":5,"column":2},"end":{"line":5,"column":null}}},"fnMap":{"0":{"name":"cn","decl":{"start":{"line":4,"column":16},"end":{"line":4,"column":19}},"loc":{"start":{"line":4,"column":42},"end":{"line":6,"column":null}},"line":4}},"branchMap":{},"s":{"0":63},"f":{"0":63},"b":{},"meta":{"lastBranch":0,"lastFunction":1,"lastStatement":1,"seen":{"f:4:16:4:19":0,"s:5:2:5:Infinity":0}}}
}
